C:\Program Files\Microsoft Visual Studio\2022\Community\MSBuild\Microsoft\VC\v170\Microsoft.CppBuild.targets(517,5): warning MSB8004: Output 目录未以斜杠结尾。  此生成实例将添加斜杠，因为必须有这个斜杠才能正确计算 Output 目录。
  main.cpp
F:\Dear-OMG\VisualStudioCodes\20240223v1\DearOMG-parser\src\utility.h(87,21): warning C4267: “初始化”: 从“size_t”转换到“uint32_t”，可能丢失数据
F:\Dear-OMG\VisualStudioCodes\20240223v1\DearOMG-parser\src\utility.h(138,6): warning C4018: “>”: 有符号/无符号不匹配
F:\Dear-OMG\VisualStudioCodes\20240223v1\DearOMG-parser\src\utility.h(209,14): warning C4244: “初始化”: 从“uint64_t”转换到“int”，可能丢失数据
F:\Dear-OMG\VisualStudioCodes\20240223v1\DearOMG-parser\src\interface.h(8,24): warning C4267: “return”: 从“size_t”转换到“int”，可能丢失数据
F:\Dear-OMG\VisualStudioCodes\20240223v1\DearOMG-parser\src\omgParser.h(168,20): warning C4018: “<”: 有符号/无符号不匹配
F:\Dear-OMG\VisualStudioCodes\20240223v1\DearOMG-parser\src\genomics.h(41,12): warning C4267: “初始化”: 从“size_t”转换到“int”，可能丢失数据
F:\Dear-OMG\VisualStudioCodes\20240223v1\DearOMG-parser\src\genomics.h(42,12): warning C4267: “初始化”: 从“size_t”转换到“int”，可能丢失数据
F:\Dear-OMG\VisualStudioCodes\20240223v1\DearOMG-parser\src\genomics.h(63,14): warning C4018: “<”: 有符号/无符号不匹配
F:\Dear-OMG\VisualStudioCodes\20240223v1\DearOMG-parser\src\genomics.h(63,36): warning C4018: “>”: 有符号/无符号不匹配
F:\Dear-OMG\VisualStudioCodes\20240223v1\DearOMG-parser\src\genomics.h(313,22): warning C4018: “<”: 有符号/无符号不匹配
F:\Dear-OMG\VisualStudioCodes\20240223v1\DearOMG-parser\src\genomics.h(9,14): warning C4101: “char2uint64”: 未引用的局部变量
F:\Dear-OMG\VisualStudioCodes\20240223v1\DearOMG-parser\src\proteomics.h(44,11): warning C4267: “初始化”: 从“size_t”转换到“int”，可能丢失数据
F:\Dear-OMG\VisualStudioCodes\20240223v1\DearOMG-parser\src\proteomics.h(147,31): warning C4244: “=”: 从“double”转换到“_Ty”，可能丢失数据
          with
          [
              _Ty=float
          ]
F:\Dear-OMG\VisualStudioCodes\20240223v1\DearOMG-parser\src\metabolomics.h(44,11): warning C4267: “初始化”: 从“size_t”转换到“int”，可能丢失数据
F:\Dear-OMG\VisualStudioCodes\20240223v1\DearOMG-parser\src\metabolomics.h(147,39): warning C4244: “=”: 从“double”转换到“_Ty”，可能丢失数据
          with
          [
              _Ty=float
          ]
F:\Dear-OMG\VisualStudioCodes\20240223v1\DearOMG-parser\src\metabolomics.h(171,58): warning C4244: “=”: 从“double”转换到“_Ty”，可能丢失数据
          with
          [
              _Ty=float
          ]
F:\Dear-OMG\VisualStudioCodes\20240223v1\DearOMG-parser\src\metabolomics.h(175,85): warning C4244: “=”: 从“double”转换到“_Ty”，可能丢失数据
          with
          [
              _Ty=float
          ]
F:\Dear-OMG\VisualStudioCodes\20240223v1\DearOMG-parser\src\metabolomics.h(10,14): warning C4101: “char2uint64”: 未引用的局部变量
F:\Dear-OMG\VisualStudioCodes\20240223v1\DearOMG-parser\src\main.cpp(27,12): warning C4267: “初始化”: 从“size_t”转换到“int”，可能丢失数据
F:\Dear-OMG\VisualStudioCodes\20240223v1\DearOMG-parser\src\main.cpp(33,12): warning C4267: “初始化”: 从“size_t”转换到“int”，可能丢失数据
F:\Dear-OMG\VisualStudioCodes\20240223v1\DearOMG-parser\src\main.cpp(38,12): warning C4267: “初始化”: 从“size_t”转换到“int”，可能丢失数据
  正在生成代码
  Previous IPDB not found, fall back to full compilation.
F:\Dear-OMG\VisualStudioCodes\20240223v1\DearOMG-parser\src\interface.h(25): warning C4715: “OMGParser::GetOMGFileEntry”: 不是所有的控件路径都返回值
  All 785 functions were compiled because no usable IPDB/IOBJ from previous compilation was found.
  已完成代码的生成
  DearOMG-parser.vcxproj -> F:\Dear-OMG\VisualStudioCodes\20240223v1\DearOMG-parser\bin\DearOMG-parser.exe
